<?xml version="1.0" encoding="UTF-8" ?>
<testsuite tests="24" failures="0" name="StepDefinition.TestRunner" time="439.349" errors="0" skipped="0">
  <properties>
[...]
</properties>
  <testcase classname="To test Admin functionality" name="Admin change the status pending to confirmed" time="21.788"/>
  <testcase classname="To test Admin functionality" name="Display booking invoice where payment is successfull." time="18.173"/>
  <testcase classname="To test Admin functionality" name="Admin Delete the cancelled pyment" time="18.851"/>
  <testcase classname="To test Admin functionality" name="Admin click on Website Link" time="38.254"/>
  <testcase classname="To test Admin login functionality" name="Admin login is successfull with valid data" time="11.872"/>
  <testcase classname="To test Admin login functionality" name="Admin login is successfull with valid data" time="6.589"/>
  <testcase classname="To test the Agent functions" name="Agent Searching the hotel in the city" time="19.918"/>
  <testcase classname="To test the Agent functions" name="Agent update the USD TO INR" time="20.946"/>
  <testcase classname="To test the Agent functions" name="Agent click on main tabs" time="16.327"/>
  <testcase classname="To test the Agent functions" name="Agent click on all links" time="37.464"/>
  <testcase classname="To test Customer login functionality" name="Check login is successfull with valid data" time="10.794"/>
  <testcase classname="To test Customer login functionality" name="Check login is successfull with valid data" time="13.034"/>
  <testcase classname="Customer functions" name="check the customer main Links and functionality" time="30.891"/>
  <testcase classname="Customer functions" name="check My Booking" time="40.119"/>
  <testcase classname="Customer functions" name="check payment using paypal" time="24.02"/>
  <testcase classname="Customer functions" name="check My Profile Upadte" time="18.675"/>
  <testcase classname="To test Customer login functionality" name="Check login is successfull with valid data" time="10.168"/>
  <testcase classname="To test Customer login functionality" name="Check login is successfull with invalid data" time="13.757"/>
  <testcase classname="To test Supllier login functionality" name="Supllier login is successfull with valid data" time="10.593"/>
  <testcase classname="To test Supllier login functionality" name="Supllier login is successfull with invalid credentials" time="8.286"/>
  <testcase classname="Test the Supplier Functionalities" name="Supllier check the text &quot;Sales overview and summary&quot;" time="10.712"/>
  <testcase classname="Test the Supplier Functionalities" name="Supllier check the text Revenue Breakdown" time="9.298"/>
  <testcase classname="Test the Supplier Functionalities" name="Supllier change the pending to confirmed status" time="15.887"/>
  <testcase classname="Test the Supplier Functionalities" name="Supllier check the licks are clickcble or not" time="12.933"/>
</testsuite>